0 info it worked if it ends with ok
1 verbose cli [ 'node',
1 verbose cli   '/usr/local/bin/npm',
1 verbose cli   'install',
1 verbose cli   '--save-dev',
1 verbose cli   'ember-simple-auth' ]
2 info using npm@1.3.8
3 info using node@v0.10.18
4 warn package.json express-namespace@0.1.1 No repository field.
5 warn package.json loom-generators-ember-appkit@1.0.4 No repository field.
6 verbose readDependencies using package.json deps
7 verbose cache add [ 'ember-simple-auth', null ]
8 verbose cache add name=undefined spec="ember-simple-auth" args=["ember-simple-auth",null]
9 verbose parsed url { protocol: null,
9 verbose parsed url   slashes: null,
9 verbose parsed url   auth: null,
9 verbose parsed url   host: null,
9 verbose parsed url   port: null,
9 verbose parsed url   hostname: null,
9 verbose parsed url   hash: null,
9 verbose parsed url   search: null,
9 verbose parsed url   query: null,
9 verbose parsed url   pathname: 'ember-simple-auth',
9 verbose parsed url   path: 'ember-simple-auth',
9 verbose parsed url   href: 'ember-simple-auth' }
10 silly lockFile 94dc2a57-ember-simple-auth ember-simple-auth
11 verbose lock ember-simple-auth /Users/DavidPhilip/.npm/94dc2a57-ember-simple-auth.lock
12 silly lockFile 94dc2a57-ember-simple-auth ember-simple-auth
13 silly lockFile 94dc2a57-ember-simple-auth ember-simple-auth
14 verbose addNamed [ 'ember-simple-auth', '' ]
15 verbose addNamed [ null, '*' ]
16 silly lockFile 28fb17b6-ember-simple-auth ember-simple-auth@
17 verbose lock ember-simple-auth@ /Users/DavidPhilip/.npm/28fb17b6-ember-simple-auth.lock
18 silly addNameRange { name: 'ember-simple-auth', range: '*', hasData: false }
19 verbose url raw ember-simple-auth
20 verbose url resolving [ 'https://registry.npmjs.org/', './ember-simple-auth' ]
21 verbose url resolved https://registry.npmjs.org/ember-simple-auth
22 info trying registry request attempt 1 at 22:23:40
23 http GET https://registry.npmjs.org/ember-simple-auth
24 http 404 https://registry.npmjs.org/ember-simple-auth
25 silly registry.get cb [ 404,
25 silly registry.get   { date: 'Thu, 20 Mar 2014 21:23:45 GMT',
25 silly registry.get     server: 'CouchDB/1.5.0 (Erlang OTP/R16B)',
25 silly registry.get     'content-type': 'application/json',
25 silly registry.get     via: '1.1 varnish',
25 silly registry.get     'cache-control': 'max-age=0',
25 silly registry.get     'content-length': '52',
25 silly registry.get     'accept-ranges': 'bytes',
25 silly registry.get     age: '0',
25 silly registry.get     'x-served-by': 'cache-v36-ASH, cache-fra1226-FRA',
25 silly registry.get     'x-cache': 'MISS, MISS',
25 silly registry.get     'x-cache-hits': '0, 0',
25 silly registry.get     'x-timer': 'S1395350625.682658672,VS0,VS-17,VE62,VE179',
25 silly registry.get     'keep-alive': 'timeout=10, max=50',
25 silly registry.get     connection: 'Keep-Alive' } ]
26 silly lockFile 28fb17b6-ember-simple-auth ember-simple-auth@
27 silly lockFile 28fb17b6-ember-simple-auth ember-simple-auth@
28 error 404 'ember-simple-auth' is not in the npm registry.
28 error 404 You should bug the author to publish it
28 error 404
28 error 404 Note that you can also install from a
28 error 404 tarball, folder, or http url, or git url.
29 error System Darwin 12.4.0
30 error command "node" "/usr/local/bin/npm" "install" "--save-dev" "ember-simple-auth"
31 error cwd /Applications/XAMPP/xamppfiles/htdocs/agilitybase/bower_components/agilitybase-ember-app-kit
32 error node -v v0.10.18
33 error npm -v 1.3.8
34 error code E404
35 verbose exit [ 1, true ]
